Linked: (/home/hyden/catkin_ws/devel/.private/sentinel_drone_driver/include/sentinel_drone_driver/RCMessage.h, /home/hyden/catkin_ws/devel/include/sentinel_drone_driver/RCMessage.h)
Linked: (/home/hyden/catkin_ws/devel/.private/sentinel_drone_driver/include/sentinel_drone_driver/CommandBoolRequest.h, /home/hyden/catkin_ws/devel/include/sentinel_drone_driver/CommandBoolRequest.h)
Linked: (/home/hyden/catkin_ws/devel/.private/sentinel_drone_driver/include/sentinel_drone_driver/CommandBoolResponse.h, /home/hyden/catkin_ws/devel/include/sentinel_drone_driver/CommandBoolResponse.h)
Linked: (/home/hyden/catkin_ws/devel/.private/sentinel_drone_driver/include/sentinel_drone_driver/CommandBool.h, /home/hyden/catkin_ws/devel/include/sentinel_drone_driver/CommandBool.h)
Linked: (/home/hyden/catkin_ws/devel/.private/sentinel_drone_driver/include/sentinel_drone_driver/PIDError.h, /home/hyden/catkin_ws/devel/include/sentinel_drone_driver/PIDError.h)
Linked: (/home/hyden/catkin_ws/devel/.private/sentinel_drone_driver/share/roseus/ros/sentinel_drone_driver/manifest.l, /home/hyden/catkin_ws/devel/share/roseus/ros/sentinel_drone_driver/manifest.l)
Linked: (/home/hyden/catkin_ws/devel/.private/sentinel_drone_driver/share/roseus/ros/sentinel_drone_driver/srv/CommandBool.l, /home/hyden/catkin_ws/devel/share/roseus/ros/sentinel_drone_driver/srv/CommandBool.l)
Linked: (/home/hyden/catkin_ws/devel/.private/sentinel_drone_driver/share/roseus/ros/sentinel_drone_driver/msg/RCMessage.l, /home/hyden/catkin_ws/devel/share/roseus/ros/sentinel_drone_driver/msg/RCMessage.l)
Linked: (/home/hyden/catkin_ws/devel/.private/sentinel_drone_driver/share/roseus/ros/sentinel_drone_driver/msg/PIDError.l, /home/hyden/catkin_ws/devel/share/roseus/ros/sentinel_drone_driver/msg/PIDError.l)
Linked: (/home/hyden/catkin_ws/devel/.private/sentinel_drone_driver/share/sentinel_drone_driver/cmake/sentinel_drone_driverConfig-version.cmake, /home/hyden/catkin_ws/devel/share/sentinel_drone_driver/cmake/sentinel_drone_driverConfig-version.cmake)
Linked: (/home/hyden/catkin_ws/devel/.private/sentinel_drone_driver/share/sentinel_drone_driver/cmake/sentinel_drone_driver-msg-paths.cmake, /home/hyden/catkin_ws/devel/share/sentinel_drone_driver/cmake/sentinel_drone_driver-msg-paths.cmake)
Linked: (/home/hyden/catkin_ws/devel/.private/sentinel_drone_driver/share/sentinel_drone_driver/cmake/sentinel_drone_driver-msg-extras.cmake, /home/hyden/catkin_ws/devel/share/sentinel_drone_driver/cmake/sentinel_drone_driver-msg-extras.cmake)
Linked: (/home/hyden/catkin_ws/devel/.private/sentinel_drone_driver/share/sentinel_drone_driver/cmake/sentinel_drone_driverConfig.cmake, /home/hyden/catkin_ws/devel/share/sentinel_drone_driver/cmake/sentinel_drone_driverConfig.cmake)
Linked: (/home/hyden/catkin_ws/devel/.private/sentinel_drone_driver/share/gennodejs/ros/sentinel_drone_driver/_index.js, /home/hyden/catkin_ws/devel/share/gennodejs/ros/sentinel_drone_driver/_index.js)
Linked: (/home/hyden/catkin_ws/devel/.private/sentinel_drone_driver/share/gennodejs/ros/sentinel_drone_driver/srv/CommandBool.js, /home/hyden/catkin_ws/devel/share/gennodejs/ros/sentinel_drone_driver/srv/CommandBool.js)
Linked: (/home/hyden/catkin_ws/devel/.private/sentinel_drone_driver/share/gennodejs/ros/sentinel_drone_driver/srv/_index.js, /home/hyden/catkin_ws/devel/share/gennodejs/ros/sentinel_drone_driver/srv/_index.js)
Linked: (/home/hyden/catkin_ws/devel/.private/sentinel_drone_driver/share/gennodejs/ros/sentinel_drone_driver/msg/PIDError.js, /home/hyden/catkin_ws/devel/share/gennodejs/ros/sentinel_drone_driver/msg/PIDError.js)
Linked: (/home/hyden/catkin_ws/devel/.private/sentinel_drone_driver/share/gennodejs/ros/sentinel_drone_driver/msg/RCMessage.js, /home/hyden/catkin_ws/devel/share/gennodejs/ros/sentinel_drone_driver/msg/RCMessage.js)
Linked: (/home/hyden/catkin_ws/devel/.private/sentinel_drone_driver/share/gennodejs/ros/sentinel_drone_driver/msg/_index.js, /home/hyden/catkin_ws/devel/share/gennodejs/ros/sentinel_drone_driver/msg/_index.js)
Linked: (/home/hyden/catkin_ws/devel/.private/sentinel_drone_driver/share/common-lisp/ros/sentinel_drone_driver/srv/sentinel_drone_driver-srv.asd, /home/hyden/catkin_ws/devel/share/common-lisp/ros/sentinel_drone_driver/srv/sentinel_drone_driver-srv.asd)
Linked: (/home/hyden/catkin_ws/devel/.private/sentinel_drone_driver/share/common-lisp/ros/sentinel_drone_driver/srv/CommandBool.lisp, /home/hyden/catkin_ws/devel/share/common-lisp/ros/sentinel_drone_driver/srv/CommandBool.lisp)
Linked: (/home/hyden/catkin_ws/devel/.private/sentinel_drone_driver/share/common-lisp/ros/sentinel_drone_driver/srv/_package.lisp, /home/hyden/catkin_ws/devel/share/common-lisp/ros/sentinel_drone_driver/srv/_package.lisp)
Linked: (/home/hyden/catkin_ws/devel/.private/sentinel_drone_driver/share/common-lisp/ros/sentinel_drone_driver/srv/_package_CommandBool.lisp, /home/hyden/catkin_ws/devel/share/common-lisp/ros/sentinel_drone_driver/srv/_package_CommandBool.lisp)
Linked: (/home/hyden/catkin_ws/devel/.private/sentinel_drone_driver/share/common-lisp/ros/sentinel_drone_driver/msg/sentinel_drone_driver-msg.asd, /home/hyden/catkin_ws/devel/share/common-lisp/ros/sentinel_drone_driver/msg/sentinel_drone_driver-msg.asd)
Linked: (/home/hyden/catkin_ws/devel/.private/sentinel_drone_driver/share/common-lisp/ros/sentinel_drone_driver/msg/PIDError.lisp, /home/hyden/catkin_ws/devel/share/common-lisp/ros/sentinel_drone_driver/msg/PIDError.lisp)
Linked: (/home/hyden/catkin_ws/devel/.private/sentinel_drone_driver/share/common-lisp/ros/sentinel_drone_driver/msg/_package_RCMessage.lisp, /home/hyden/catkin_ws/devel/share/common-lisp/ros/sentinel_drone_driver/msg/_package_RCMessage.lisp)
Linked: (/home/hyden/catkin_ws/devel/.private/sentinel_drone_driver/share/common-lisp/ros/sentinel_drone_driver/msg/_package_PIDError.lisp, /home/hyden/catkin_ws/devel/share/common-lisp/ros/sentinel_drone_driver/msg/_package_PIDError.lisp)
Linked: (/home/hyden/catkin_ws/devel/.private/sentinel_drone_driver/share/common-lisp/ros/sentinel_drone_driver/msg/_package.lisp, /home/hyden/catkin_ws/devel/share/common-lisp/ros/sentinel_drone_driver/msg/_package.lisp)
Linked: (/home/hyden/catkin_ws/devel/.private/sentinel_drone_driver/share/common-lisp/ros/sentinel_drone_driver/msg/RCMessage.lisp, /home/hyden/catkin_ws/devel/share/common-lisp/ros/sentinel_drone_driver/msg/RCMessage.lisp)
Linked: (/home/hyden/catkin_ws/devel/.private/sentinel_drone_driver/lib/python3/dist-packages/sentinel_drone_driver/__init__.py, /home/hyden/catkin_ws/devel/lib/python3/dist-packages/sentinel_drone_driver/__init__.py)
Linked: (/home/hyden/catkin_ws/devel/.private/sentinel_drone_driver/lib/python3/dist-packages/sentinel_drone_driver/srv/_CommandBool.py, /home/hyden/catkin_ws/devel/lib/python3/dist-packages/sentinel_drone_driver/srv/_CommandBool.py)
Linked: (/home/hyden/catkin_ws/devel/.private/sentinel_drone_driver/lib/python3/dist-packages/sentinel_drone_driver/srv/__init__.py, /home/hyden/catkin_ws/devel/lib/python3/dist-packages/sentinel_drone_driver/srv/__init__.py)
Linked: (/home/hyden/catkin_ws/devel/.private/sentinel_drone_driver/lib/python3/dist-packages/sentinel_drone_driver/msg/_PIDError.py, /home/hyden/catkin_ws/devel/lib/python3/dist-packages/sentinel_drone_driver/msg/_PIDError.py)
Linked: (/home/hyden/catkin_ws/devel/.private/sentinel_drone_driver/lib/python3/dist-packages/sentinel_drone_driver/msg/__init__.py, /home/hyden/catkin_ws/devel/lib/python3/dist-packages/sentinel_drone_driver/msg/__init__.py)
Linked: (/home/hyden/catkin_ws/devel/.private/sentinel_drone_driver/lib/python3/dist-packages/sentinel_drone_driver/msg/_RCMessage.py, /home/hyden/catkin_ws/devel/lib/python3/dist-packages/sentinel_drone_driver/msg/_RCMessage.py)
Linked: (/home/hyden/catkin_ws/devel/.private/sentinel_drone_driver/lib/pkgconfig/sentinel_drone_driver.pc, /home/hyden/catkin_ws/devel/lib/pkgconfig/sentinel_drone_driver.pc)
