Symlinking /home/hyden/catkin_ws/devel/include/sentinel_drone_driver/RCMessage.h
Symlinking /home/hyden/catkin_ws/devel/include/sentinel_drone_driver/CommandBoolRequest.h
Symlinking /home/hyden/catkin_ws/devel/include/sentinel_drone_driver/CommandBoolResponse.h
Symlinking /home/hyden/catkin_ws/devel/include/sentinel_drone_driver/CommandBool.h
Symlinking /home/hyden/catkin_ws/devel/include/sentinel_drone_driver/PIDError.h
Symlinking /home/hyden/catkin_ws/devel/share/roseus/ros/sentinel_drone_driver/manifest.l
Symlinking /home/hyden/catkin_ws/devel/share/roseus/ros/sentinel_drone_driver/srv/CommandBool.l
Symlinking /home/hyden/catkin_ws/devel/share/roseus/ros/sentinel_drone_driver/msg/RCMessage.l
Symlinking /home/hyden/catkin_ws/devel/share/roseus/ros/sentinel_drone_driver/msg/PIDError.l
Symlinking /home/hyden/catkin_ws/devel/share/sentinel_drone_driver/cmake/sentinel_drone_driverConfig-version.cmake
Symlinking /home/hyden/catkin_ws/devel/share/sentinel_drone_driver/cmake/sentinel_drone_driver-msg-paths.cmake
Symlinking /home/hyden/catkin_ws/devel/share/sentinel_drone_driver/cmake/sentinel_drone_driver-msg-extras.cmake
Symlinking /home/hyden/catkin_ws/devel/share/sentinel_drone_driver/cmake/sentinel_drone_driverConfig.cmake
Symlinking /home/hyden/catkin_ws/devel/share/gennodejs/ros/sentinel_drone_driver/_index.js
Symlinking /home/hyden/catkin_ws/devel/share/gennodejs/ros/sentinel_drone_driver/srv/CommandBool.js
Symlinking /home/hyden/catkin_ws/devel/share/gennodejs/ros/sentinel_drone_driver/srv/_index.js
Symlinking /home/hyden/catkin_ws/devel/share/gennodejs/ros/sentinel_drone_driver/msg/PIDError.js
Symlinking /home/hyden/catkin_ws/devel/share/gennodejs/ros/sentinel_drone_driver/msg/RCMessage.js
Symlinking /home/hyden/catkin_ws/devel/share/gennodejs/ros/sentinel_drone_driver/msg/_index.js
Symlinking /home/hyden/catkin_ws/devel/share/common-lisp/ros/sentinel_drone_driver/srv/sentinel_drone_driver-srv.asd
Symlinking /home/hyden/catkin_ws/devel/share/common-lisp/ros/sentinel_drone_driver/srv/CommandBool.lisp
Symlinking /home/hyden/catkin_ws/devel/share/common-lisp/ros/sentinel_drone_driver/srv/_package.lisp
Symlinking /home/hyden/catkin_ws/devel/share/common-lisp/ros/sentinel_drone_driver/srv/_package_CommandBool.lisp
Symlinking /home/hyden/catkin_ws/devel/share/common-lisp/ros/sentinel_drone_driver/msg/sentinel_drone_driver-msg.asd
Symlinking /home/hyden/catkin_ws/devel/share/common-lisp/ros/sentinel_drone_driver/msg/PIDError.lisp
Symlinking /home/hyden/catkin_ws/devel/share/common-lisp/ros/sentinel_drone_driver/msg/_package_RCMessage.lisp
Symlinking /home/hyden/catkin_ws/devel/share/common-lisp/ros/sentinel_drone_driver/msg/_package_PIDError.lisp
Symlinking /home/hyden/catkin_ws/devel/share/common-lisp/ros/sentinel_drone_driver/msg/_package.lisp
Symlinking /home/hyden/catkin_ws/devel/share/common-lisp/ros/sentinel_drone_driver/msg/RCMessage.lisp
Symlinking /home/hyden/catkin_ws/devel/lib/python3/dist-packages/sentinel_drone_driver/__init__.py
Symlinking /home/hyden/catkin_ws/devel/lib/python3/dist-packages/sentinel_drone_driver/srv/_CommandBool.py
Symlinking /home/hyden/catkin_ws/devel/lib/python3/dist-packages/sentinel_drone_driver/srv/__init__.py
Symlinking /home/hyden/catkin_ws/devel/lib/python3/dist-packages/sentinel_drone_driver/msg/_PIDError.py
Symlinking /home/hyden/catkin_ws/devel/lib/python3/dist-packages/sentinel_drone_driver/msg/__init__.py
Symlinking /home/hyden/catkin_ws/devel/lib/python3/dist-packages/sentinel_drone_driver/msg/_RCMessage.py
Symlinking /home/hyden/catkin_ws/devel/lib/pkgconfig/sentinel_drone_driver.pc
